Using pre-set license
Built from '2020.3/staging' branch; Version is '2020.3.38f1 (8f5fde82e2dc) revision 9396190'; Using compiler version '192528614'; Build Type 'Release'
OS: 'Windows 10  (10.0.19045) 64bit Professional' Language: 'ru' Physical Memory: 8140 MB
BatchMode: 1, IsHumanControllingUs: 0, StartBugReporterOnCrash: 0, Is64bit: 1, IsPro: 0

COMMAND LINE ARGUMENTS:
C:\Program Files\Unity\Hub\Editor\2020.3.38f1\Editor\Unity.exe
-adb2
-batchMode
-noUpm
-name
AssetImportWorker0
-projectPath
D:/Unity/CardGameT2
-logFile
Logs/AssetImportWorker0.log
-srvPort
61458
Successfully changed project path to: D:/Unity/CardGameT2
D:/Unity/CardGameT2
Using Asset Import Pipeline V2.
Refreshing native plugins compatible for Editor in 31.65 ms, found 2 plugins.
Preloading 0 native plugins for Editor in 0.00 ms.
Initialize engine version: 2020.3.38f1 (8f5fde82e2dc)
[Subsystems] Discovering subsystems at path C:/Program Files/Unity/Hub/Editor/2020.3.38f1/Editor/Data/Resources/UnitySubsystems
[Subsystems] Discovering subsystems at path D:/Unity/CardGameT2/Assets
GfxDevice: creating device client; threaded=0
Direct3D:
    Version:  Direct3D 11.0 [level 11.0]
    Renderer: NVIDIA GeForce GTX 550 Ti (ID=0x1244)
    Vendor:   
    VRAM:     959 MB
    Driver:   23.21.13.9135
Initialize mono
Mono path[0] = 'C:/Program Files/Unity/Hub/Editor/2020.3.38f1/Editor/Data/Managed'
Mono path[1] = 'C:/Program Files/Unity/Hub/Editor/2020.3.38f1/Editor/Data/MonoBleedingEdge/lib/mono/unityjit'
Mono config path = 'C:/Program Files/Unity/Hub/Editor/2020.3.38f1/Editor/Data/MonoBleedingEdge/etc'
Using monoOptions --debugger-agent=transport=dt_socket,embedding=1,server=y,suspend=n,address=127.0.0.1:56996
Begin MonoManager ReloadAssembly
Registering precompiled unity dll's ...
Register platform support module: C:/Program Files/Unity/Hub/Editor/2020.3.38f1/Editor/Data/PlaybackEngines/WindowsStandaloneSupport/UnityEditor.WindowsStandalone.Extensions.dll
Registered in 0.001848 seconds.
Native extension for WindowsStandalone target not found
Refreshing native plugins compatible for Editor in 33.11 ms, found 2 plugins.
Preloading 0 native plugins for Editor in 0.00 ms.
Mono: successfully reloaded assembly
- Completed reload, in  0.492 seconds
Domain Reload Profiling:
	ReloadAssembly (493ms)
		BeginReloadAssembly (57ms)
			ExecutionOrderSort (0ms)
			DisableScriptedObjects (0ms)
			BackupInstance (0ms)
			ReleaseScriptingObjects (0ms)
			CreateAndSetChildDomain (1ms)
		EndReloadAssembly (370ms)
			LoadAssemblies (55ms)
			RebuildTransferFunctionScriptingTraits (0ms)
			SetupTypeCache (123ms)
			ReleaseScriptCaches (0ms)
			RebuildScriptCaches (26ms)
			SetupLoadedEditorAssemblies (142ms)
				LogAssemblyErrors (0ms)
				InitializePlatformSupportModulesInManaged (4ms)
				SetLoadedEditorAssemblies (0ms)
				RefreshPlugins (33ms)
				BeforeProcessingInitializeOnLoad (14ms)
				ProcessInitializeOnLoadAttributes (68ms)
				ProcessInitializeOnLoadMethodAttributes (23ms)
				AfterProcessingInitializeOnLoad (0ms)
				EditorAssembliesLoaded (0ms)
			ExecutionOrderSort2 (0ms)
			AwakeInstancesAfterBackupRestoration (0ms)
Platform modules already initialized, skipping
Registering precompiled user dll's ...
Registered in 0.001555 seconds.
Begin MonoManager ReloadAssembly
Native extension for WindowsStandalone target not found
Refreshing native plugins compatible for Editor in 0.41 ms, found 2 plugins.
Preloading 0 native plugins for Editor in 0.00 ms.
Mono: successfully reloaded assembly
- Completed reload, in  0.839 seconds
Domain Reload Profiling:
	ReloadAssembly (840ms)
		BeginReloadAssembly (136ms)
			ExecutionOrderSort (0ms)
			DisableScriptedObjects (4ms)
			BackupInstance (0ms)
			ReleaseScriptingObjects (0ms)
			CreateAndSetChildDomain (19ms)
		EndReloadAssembly (650ms)
			LoadAssemblies (82ms)
			RebuildTransferFunctionScriptingTraits (0ms)
			SetupTypeCache (222ms)
			ReleaseScriptCaches (0ms)
			RebuildScriptCaches (37ms)
			SetupLoadedEditorAssemblies (248ms)
				LogAssemblyErrors (0ms)
				InitializePlatformSupportModulesInManaged (4ms)
				SetLoadedEditorAssemblies (0ms)
				RefreshPlugins (0ms)
				BeforeProcessingInitializeOnLoad (70ms)
				ProcessInitializeOnLoadAttributes (157ms)
				ProcessInitializeOnLoadMethodAttributes (11ms)
				AfterProcessingInitializeOnLoad (6ms)
				EditorAssembliesLoaded (0ms)
			ExecutionOrderSort2 (0ms)
			AwakeInstancesAfterBackupRestoration (2ms)
Platform modules already initialized, skipping
========================================================================
Worker process is ready to serve import requests
Launched and connected shader compiler UnityShaderCompiler.exe after 0.04 seconds
Refreshing native plugins compatible for Editor in 0.41 ms, found 2 plugins.
Preloading 0 native plugins for Editor in 0.00 ms.
Unloading 1579 Unused Serialized files (Serialized files now loaded: 0)
System memory in use before: 74.0 MB.
System memory in use after: 74.0 MB.

Unloading 16 unused Assets to reduce memory usage. Loaded Objects now: 2017.
Total: 3.360500 ms (FindLiveObjects: 0.219500 ms CreateObjectMapping: 0.044300 ms MarkObjects: 3.016900 ms  DeleteObjects: 0.078600 ms)

AssetImportParameters requested are different than current active one (requested -> active):
  custom:framework-win-MediaFoundation: 216162199b28c13a410421893ffa2e32 -> 
  custom:video-decoder-ogg-theora: a1e56fd34408186e4bbccfd4996cb3dc -> 
  custom:container-muxer-webm: aa71ff27fc2769a1b78a27578f13a17b -> 
  custom:container-demuxer-webm: 4f35f7cbe854078d1ac9338744f61a02 -> 
  custom:container-demuxer-ogg: 62fdf1f143b41e24485cea50d1cbac27 -> 
  custom:video-encoder-webm-vp8: eb34c28f22e8b96e1ab97ce403110664 -> 
  custom:video-decoder-webm-vp8: 9c59270c3fd7afecdb556c50c9e8de78 -> 
  custom:audio-decoder-ogg-vorbis: bf7c407c2cedff20999df2af8eb42d56 -> 
  custom:audio-encoder-webm-vorbis: bf7c407c2cedff20999df2af8eb42d56 -> 
========================================================================
Received Import Request.
  path: Assets/Prefab/Card/character .prefab
  artifactKey: Guid(1a9909f6c49d4af4884f3a2db59b7b2a) Importer(815301076,1909f56bfc062723c751e8b465ee728b)
Start importing Assets/Prefab/Card/character .prefab using Guid(1a9909f6c49d4af4884f3a2db59b7b2a) Importer(815301076,1909f56bfc062723c751e8b465ee728b)  -> (artifact id: '4881ab754a7a887f764f3e5232ac5efc') in 0.107746 seconds 
========================================================================
Received Import Request.
  Time since last request: 310.346837 seconds.
  path: Assets/Prefab/Card/arc 1.prefab
  artifactKey: Guid(12e9fec9178d07e409ef74b4658abcac) Importer(815301076,1909f56bfc062723c751e8b465ee728b)
Start importing Assets/Prefab/Card/arc 1.prefab using Guid(12e9fec9178d07e409ef74b4658abcac) Importer(815301076,1909f56bfc062723c751e8b465ee728b)  -> (artifact id: 'bca0295ca047a90a92bce436d183d6f8') in 0.019136 seconds 
========================================================================
Received Import Request.
  Time since last request: 248.632801 seconds.
  path: Assets/Prefab/Card/dead.prefab
  artifactKey: Guid(12e9fec9178d07e409ef74b4658abcac) Importer(815301076,1909f56bfc062723c751e8b465ee728b)
Start importing Assets/Prefab/Card/dead.prefab using Guid(12e9fec9178d07e409ef74b4658abcac) Importer(815301076,1909f56bfc062723c751e8b465ee728b)  -> (artifact id: 'e7b2335f41c038dec53093b7ab1741cf') in 0.016649 seconds 
========================================================================
Received Import Request.
  Time since last request: 15.405620 seconds.
  path: Assets/Prefab/Card/arc.prefab
  artifactKey: Guid(96810304319d34d45bf590eba1cba35f) Importer(815301076,1909f56bfc062723c751e8b465ee728b)
Start importing Assets/Prefab/Card/arc.prefab using Guid(96810304319d34d45bf590eba1cba35f) Importer(815301076,1909f56bfc062723c751e8b465ee728b)  -> (artifact id: 'e7558705677bfe6d8a9261ffb56782a7') in 0.018341 seconds 
========================================================================
Received Import Request.
  Time since last request: 3.605252 seconds.
  path: Assets/Prefab/Card/arc.prefab
  artifactKey: Guid(96810304319d34d45bf590eba1cba35f) Importer(815301076,1909f56bfc062723c751e8b465ee728b)
Start importing Assets/Prefab/Card/arc.prefab using Guid(96810304319d34d45bf590eba1cba35f) Importer(815301076,1909f56bfc062723c751e8b465ee728b)  -> (artifact id: '64b3d9b60f4486c2b63ee039f7ce8c14') in 0.014039 seconds 
========================================================================
Received Import Request.
  Time since last request: 30.982820 seconds.
  path: Assets/Prefab/Card/dead 1.prefab
  artifactKey: Guid(71de65c29e41b3d489809722502f4fa8) Importer(815301076,1909f56bfc062723c751e8b465ee728b)
Start importing Assets/Prefab/Card/dead 1.prefab using Guid(71de65c29e41b3d489809722502f4fa8) Importer(815301076,1909f56bfc062723c751e8b465ee728b)  -> (artifact id: 'e8bb0b8848039abc2d5dcb45d70e4e43') in 0.016396 seconds 
========================================================================
Received Import Request.
  Time since last request: 494.849484 seconds.
  path: Assets/Material/Image/senator.jpg
  artifactKey: Guid(43dae614031a9ca41af15cf6b5350a9e) Importer(815301076,1909f56bfc062723c751e8b465ee728b)
Start importing Assets/Material/Image/senator.jpg using Guid(43dae614031a9ca41af15cf6b5350a9e) Importer(815301076,1909f56bfc062723c751e8b465ee728b)  -> (artifact id: '3c07ecad3ce37cac4309bf48f8bc738c') in 0.044777 seconds 
========================================================================
Received Import Request.
  Time since last request: 5.434981 seconds.
  path: Assets/Material/Image/senator.jpg
  artifactKey: Guid(43dae614031a9ca41af15cf6b5350a9e) Importer(815301076,1909f56bfc062723c751e8b465ee728b)
Start importing Assets/Material/Image/senator.jpg using Guid(43dae614031a9ca41af15cf6b5350a9e) Importer(815301076,1909f56bfc062723c751e8b465ee728b)  -> (artifact id: 'ccaa167265b86f675c2c4287cbca9ae1') in 0.022665 seconds 
========================================================================
Received Import Request.
  Time since last request: 28.904299 seconds.
  path: Assets/Material/Image/senator.jpg
  artifactKey: Guid(43dae614031a9ca41af15cf6b5350a9e) Importer(815301076,1909f56bfc062723c751e8b465ee728b)
Start importing Assets/Material/Image/senator.jpg using Guid(43dae614031a9ca41af15cf6b5350a9e) Importer(815301076,1909f56bfc062723c751e8b465ee728b)  -> (artifact id: '5577096983f60afac3483e381445a8da') in 0.037525 seconds 
========================================================================
Received Import Request.
  Time since last request: 1.941559 seconds.
  path: Assets/Prefab/Card/dead 1.prefab
  artifactKey: Guid(71de65c29e41b3d489809722502f4fa8) Importer(815301076,1909f56bfc062723c751e8b465ee728b)
Start importing Assets/Prefab/Card/dead 1.prefab using Guid(71de65c29e41b3d489809722502f4fa8) Importer(815301076,1909f56bfc062723c751e8b465ee728b)  -> (artifact id: '56b0a4b797b536381874943a980af585') in 0.014136 seconds 
========================================================================
Received Import Request.
  Time since last request: 21.012970 seconds.
  path: Assets/Prefab/Card/dead 1.prefab
  artifactKey: Guid(71de65c29e41b3d489809722502f4fa8) Importer(815301076,1909f56bfc062723c751e8b465ee728b)
Start importing Assets/Prefab/Card/dead 1.prefab using Guid(71de65c29e41b3d489809722502f4fa8) Importer(815301076,1909f56bfc062723c751e8b465ee728b)  -> (artifact id: '55fbc189b3ebea7e79f56fbd703e4234') in 0.011727 seconds 
========================================================================
Received Import Request.
  Time since last request: 3.815057 seconds.
  path: Assets/Prefab/Card/dead 1.prefab
  artifactKey: Guid(71de65c29e41b3d489809722502f4fa8) Importer(815301076,1909f56bfc062723c751e8b465ee728b)
Start importing Assets/Prefab/Card/dead 1.prefab using Guid(71de65c29e41b3d489809722502f4fa8) Importer(815301076,1909f56bfc062723c751e8b465ee728b)  -> (artifact id: 'eb4c88fb76b1eafe15420b5fe6a37021') in 0.014237 seconds 
========================================================================
Received Import Request.
  Time since last request: 1.801695 seconds.
  path: Assets/Prefab/Card/dead 1.prefab
  artifactKey: Guid(71de65c29e41b3d489809722502f4fa8) Importer(815301076,1909f56bfc062723c751e8b465ee728b)
Start importing Assets/Prefab/Card/dead 1.prefab using Guid(71de65c29e41b3d489809722502f4fa8) Importer(815301076,1909f56bfc062723c751e8b465ee728b)  -> (artifact id: '860a9635094a7f5e9faf4c581d3c1c58') in 0.010677 seconds 
========================================================================
Received Prepare
Registering precompiled user dll's ...
Registered in 0.001619 seconds.
Begin MonoManager ReloadAssembly
Native extension for WindowsStandalone target not found
Refreshing native plugins compatible for Editor in 0.40 ms, found 2 plugins.
Preloading 0 native plugins for Editor in 0.00 ms.
Mono: successfully reloaded assembly
- Completed reload, in  0.758 seconds
Domain Reload Profiling:
	ReloadAssembly (758ms)
		BeginReloadAssembly (101ms)
			ExecutionOrderSort (0ms)
			DisableScriptedObjects (3ms)
			BackupInstance (0ms)
			ReleaseScriptingObjects (0ms)
			CreateAndSetChildDomain (28ms)
		EndReloadAssembly (605ms)
			LoadAssemblies (82ms)
			RebuildTransferFunctionScriptingTraits (0ms)
			SetupTypeCache (212ms)
			ReleaseScriptCaches (1ms)
			RebuildScriptCaches (30ms)
			SetupLoadedEditorAssemblies (221ms)
				LogAssemblyErrors (0ms)
				InitializePlatformSupportModulesInManaged (4ms)
				SetLoadedEditorAssemblies (0ms)
				RefreshPlugins (0ms)
				BeforeProcessingInitializeOnLoad (59ms)
				ProcessInitializeOnLoadAttributes (140ms)
				ProcessInitializeOnLoadMethodAttributes (11ms)
				AfterProcessingInitializeOnLoad (6ms)
				EditorAssembliesLoaded (0ms)
			ExecutionOrderSort2 (0ms)
			AwakeInstancesAfterBackupRestoration (2ms)
Platform modules already initialized, skipping
Refreshing native plugins compatible for Editor in 0.50 ms, found 2 plugins.
Preloading 0 native plugins for Editor in 0.00 ms.
Unloading 1561 Unused Serialized files (Serialized files now loaded: 0)
System memory in use before: 75.8 MB.
System memory in use after: 75.9 MB.

Unloading 12 unused Assets to reduce memory usage. Loaded Objects now: 2032.
Total: 2.722200 ms (FindLiveObjects: 0.134900 ms CreateObjectMapping: 0.035000 ms MarkObjects: 2.496100 ms  DeleteObjects: 0.055600 ms)

AssetImportParameters requested are different than current active one (requested -> active):
  custom:framework-win-MediaFoundation: 216162199b28c13a410421893ffa2e32 -> 
  custom:video-decoder-ogg-theora: a1e56fd34408186e4bbccfd4996cb3dc -> 
  custom:container-muxer-webm: aa71ff27fc2769a1b78a27578f13a17b -> 
  custom:container-demuxer-webm: 4f35f7cbe854078d1ac9338744f61a02 -> 
  custom:container-demuxer-ogg: 62fdf1f143b41e24485cea50d1cbac27 -> 
  custom:video-encoder-webm-vp8: eb34c28f22e8b96e1ab97ce403110664 -> 
  custom:video-decoder-webm-vp8: 9c59270c3fd7afecdb556c50c9e8de78 -> 
  custom:audio-decoder-ogg-vorbis: bf7c407c2cedff20999df2af8eb42d56 -> 
  custom:audio-encoder-webm-vorbis: bf7c407c2cedff20999df2af8eb42d56 -> 
========================================================================
Received Import Request.
  Time since last request: 63.506013 seconds.
  path: Assets/Prefab/Card/senator.prefab
  artifactKey: Guid(71de65c29e41b3d489809722502f4fa8) Importer(815301076,1909f56bfc062723c751e8b465ee728b)
Start importing Assets/Prefab/Card/senator.prefab using Guid(71de65c29e41b3d489809722502f4fa8) Importer(815301076,1909f56bfc062723c751e8b465ee728b)  -> (artifact id: '23588874c9376750f50eef29f131da4f') in 0.048605 seconds 
========================================================================
Received Prepare
Refreshing native plugins compatible for Editor in 2.09 ms, found 2 plugins.
Preloading 0 native plugins for Editor in 0.00 ms.
Unloading 10 Unused Serialized files (Serialized files now loaded: 0)
System memory in use before: 45.0 MB.
System memory in use after: 45.1 MB.

Unloading 10 unused Assets to reduce memory usage. Loaded Objects now: 2033.
Total: 3.748200 ms (FindLiveObjects: 0.395000 ms CreateObjectMapping: 0.085100 ms MarkObjects: 3.192500 ms  DeleteObjects: 0.075000 ms)

AssetImportParameters requested are different than current active one (requested -> active):
  custom:framework-win-MediaFoundation: 216162199b28c13a410421893ffa2e32 -> 
  custom:video-decoder-ogg-theora: a1e56fd34408186e4bbccfd4996cb3dc -> 
  custom:container-muxer-webm: aa71ff27fc2769a1b78a27578f13a17b -> 
  custom:container-demuxer-webm: 4f35f7cbe854078d1ac9338744f61a02 -> 
  custom:container-demuxer-ogg: 62fdf1f143b41e24485cea50d1cbac27 -> 
  custom:video-encoder-webm-vp8: eb34c28f22e8b96e1ab97ce403110664 -> 
  custom:video-decoder-webm-vp8: 9c59270c3fd7afecdb556c50c9e8de78 -> 
  custom:audio-decoder-ogg-vorbis: bf7c407c2cedff20999df2af8eb42d56 -> 
  custom:audio-encoder-webm-vorbis: bf7c407c2cedff20999df2af8eb42d56 -> 
AssetImportWorkerClient::OnTransportError - code=2 error=End of file
